{"level":"info","message":"/common students is called...","timestamp":"2018-02-23T01:18:17.825Z"}
{"level":"info","message":"accepted query = {}","timestamp":"2018-02-23T01:18:17.831Z"}
{"level":"info","message":"/get all students is called...","timestamp":"2018-02-23T01:18:17.861Z"}
{"level":"info","message":"Response set=[]","timestamp":"2018-02-23T01:18:17.862Z"}
{"level":"info","message":"/common students is called...","timestamp":"2018-02-23T01:18:38.444Z"}
{"level":"info","message":"accepted query = {\"teacher\":\"teacherken@gmail.com\"}","timestamp":"2018-02-23T01:18:38.444Z"}
{"level":"info","message":"Response set=[\"studentjon@example.com\"]","timestamp":"2018-02-23T01:18:38.453Z"}
{"level":"info","message":"404 occur","timestamp":"2018-02-23T01:24:05.227Z"}
{"message":"Not Found","stack":"Error: Not Found\n    at C:\\Users\\20160815\\Desktop\\assignment-test\\gov assignment\\app.js:35:13\n    at Layer.handle [as handle_request] (C:\\Users\\20160815\\Desktop\\assignment-test\\gov assignment\\node_modules\\express\\lib\\router\\layer.js:95:5)\n    at trim_prefix (C:\\Users\\20160815\\Desktop\\assignment-test\\gov assignment\\node_modules\\express\\lib\\router\\index.js:317:13)\n    at C:\\Users\\20160815\\Desktop\\assignment-test\\gov assignment\\node_modules\\express\\lib\\router\\index.js:284:7\n    at Function.process_params (C:\\Users\\20160815\\Desktop\\assignment-test\\gov assignment\\node_modules\\express\\lib\\router\\index.js:335:12)\n    at next (C:\\Users\\20160815\\Desktop\\assignment-test\\gov assignment\\node_modules\\express\\lib\\router\\index.js:275:10)\n    at C:\\Users\\20160815\\Desktop\\assignment-test\\gov assignment\\node_modules\\express\\lib\\router\\index.js:635:15\n    at next (C:\\Users\\20160815\\Desktop\\assignment-test\\gov assignment\\node_modules\\express\\lib\\router\\index.js:260:14)\n    at Function.handle (C:\\Users\\20160815\\Desktop\\assignment-test\\gov assignment\\node_modules\\express\\lib\\router\\index.js:174:3)\n    at router (C:\\Users\\20160815\\Desktop\\assignment-test\\gov assignment\\node_modules\\express\\lib\\router\\index.js:47:12)","status":404,"level":"info","timestamp":"2018-02-23T01:24:05.233Z"}
{"level":"info","message":"/common students is called...","timestamp":"2018-02-23T01:25:18.902Z"}
{"level":"info","message":"accepted query = {\"teacher\":\"teacherken@gmail.com\"}","timestamp":"2018-02-23T01:25:18.906Z"}
{"level":"info","message":"Response set=[\"studentjon@example.com\"]","timestamp":"2018-02-23T01:25:18.944Z"}
{"level":"info","message":"/common students is called...","timestamp":"2018-02-23T01:25:48.894Z"}
{"level":"info","message":"accepted query = {\"teacher\":\"teacherken2@gmail.com\"}","timestamp":"2018-02-23T01:25:48.898Z"}
{"level":"info","message":"Response set=[\"studentjon20@example.com\",\"studentjon22@example.com\",\"studentjon2@example.com\",\"studentjon3@example.com\",\"studentjon525@example.com\",\"studentjon55@example.com\",\"studentjon6@example.com\",\"studentjon7@example.com\",\"studentjon8@example.com\"]","timestamp":"2018-02-23T01:25:48.924Z"}
{"level":"info","message":"/register is called...","timestamp":"2018-02-23T01:25:49.014Z"}
{"level":"info","message":"request body={\"teacher\":\"teacherken5@gmail.com\",\"students\":[\"studentjon2111@example.com\",\"studentjon51211@example.com\"]}","timestamp":"2018-02-23T01:25:49.015Z"}
{"level":"error","message":"Duplicate of entry!Error: ER_DUP_ENTRY: Duplicate entry 'teacherken5@gmail.com-studentjon2111@example.com' for key 'PRIMARY'","timestamp":"2018-02-23T01:25:49.023Z"}
{"level":"info","message":"/register is called...","timestamp":"2018-02-23T01:25:49.035Z"}
{"level":"info","message":"request body={\"teacher\":\"teacherken5@gmail.com\",\"students\":[\"studentjon2111@example.com\",\"studentjon51211@example.com\"]}","timestamp":"2018-02-23T01:25:49.035Z"}
{"level":"error","message":"Duplicate of entry!Error: ER_DUP_ENTRY: Duplicate entry 'teacherken5@gmail.com-studentjon2111@example.com' for key 'PRIMARY'","timestamp":"2018-02-23T01:25:49.039Z"}
{"level":"info","message":"request body={\"student\":\"studentTest123@gmail.com\"}","timestamp":"2018-02-23T01:25:49.073Z"}
{"level":"error","message":"Duplicate of entry!Error: ER_DUP_ENTRY: Duplicate entry 'studentTest123@gmail.com' for key 'PRIMARY'","timestamp":"2018-02-23T01:25:49.076Z"}
{"level":"info","message":"request body={\"student\":\"studentTest123@gmail.com\"}","timestamp":"2018-02-23T01:25:49.086Z"}
{"level":"error","message":"Duplicate of entry!Error: ER_DUP_ENTRY: Duplicate entry 'studentTest123@gmail.com' for key 'PRIMARY'","timestamp":"2018-02-23T01:25:49.089Z"}
{"level":"info","message":"request body={\"teacher\":\"teacherken2@gmail.com\",\"notification\":\"Hello students! @studentagnes@example.com @studentmiche@example.com\"}","timestamp":"2018-02-23T01:25:49.115Z"}
{"level":"info","message":"updated studentEmailList = studentagnes@example.com","timestamp":"2018-02-23T01:25:49.116Z"}
{"level":"info","message":"updated studentEmailList = studentagnes@example.com,studentmiche@example.com","timestamp":"2018-02-23T01:25:49.117Z"}
{"level":"info","message":"Response set={\"recipients\":[\"studentjon20@example.com\",\"studentjon22@example.com\",\"studentjon2@example.com\",\"studentjon3@example.com\",\"studentjon525@example.com\",\"studentjon55@example.com\",\"studentjon6@example.com\",\"studentjon7@example.com\",\"studentjon8@example.com\",\"studentjon20@example.com\",\"studentjon22@example.com\",\"studentjon2@example.com\",\"studentjon3@example.com\",\"studentjon525@example.com\",\"studentjon55@example.com\",\"studentjon6@example.com\",\"studentjon7@example.com\",\"studentjon8@example.com\",\"studentjon20@example.com\",\"studentjon22@example.com\",\"studentjon2@example.com\",\"studentjon3@example.com\",\"studentjon525@example.com\",\"studentjon55@example.com\",\"studentjon6@example.com\",\"studentjon7@example.com\",\"studentjon8@example.com\",\"studentagnes@example.com\",\"studentmiche@example.com\"]}","timestamp":"2018-02-23T01:25:49.120Z"}
